

Processing HomeController#index (for 127.0.0.1 at 2010-07-05 22:56:23) [GET]
Rendering home/index
Completed in 10ms (View: 7, DB: 0) | 200 OK [http://localhost/]


Processing ApplicationController#index (for 127.0.0.1 at 2010-07-05 22:56:32) [GET]

ActionController::RoutingError (No route matches "/registry" with {:method=>:get}):
  

Rendering rescues/layout (not_found)


Processing ApplicationController#index (for 127.0.0.1 at 2010-07-05 22:56:45) [GET]

ActionController::RoutingError (No route matches "/registry" with {:method=>:get}):
  

Rendering rescues/layout (not_found)


Processing ApplicationController#index (for 127.0.0.1 at 2010-07-05 22:56:46) [GET]

ActionController::RoutingError (No route matches "/registry" with {:method=>:get}):
  

Rendering rescues/layout (not_found)


Processing ApplicationController#index (for 127.0.0.1 at 2010-07-05 22:56:52) [GET]

ActionController::RoutingError (No route matches "/registry" with {:method=>:get}):
  

Rendering rescues/layout (not_found)


Processing ApplicationController#index (for 127.0.0.1 at 2010-07-05 22:56:53) [GET]

ActionController::RoutingError (No route matches "/registry" with {:method=>:get}):
  

Rendering rescues/layout (not_found)


Processing ApplicationController#index (for 127.0.0.1 at 2010-07-05 22:56:54) [GET]

ActionController::RoutingError (No route matches "/registry" with {:method=>:get}):
  

Rendering rescues/layout (not_found)


Processing ApplicationController#index (for 127.0.0.1 at 2010-07-05 22:57:30) [GET]

ActionController::RoutingError (No route matches "/registry" with {:method=>:get}):
  

Rendering rescues/layout (not_found)


Processing ApplicationController#index (for 127.0.0.1 at 2010-07-05 22:57:31) [GET]

ActionController::RoutingError (No route matches "/registry" with {:method=>:get}):
  

Rendering rescues/layout (not_found)


Processing ApplicationController#index (for 127.0.0.1 at 2010-07-05 22:57:31) [GET]

ActionController::RoutingError (No route matches "/registry" with {:method=>:get}):
  

Rendering rescues/layout (not_found)


Processing HomeController#index (for 127.0.0.1 at 2010-07-05 22:57:33) [GET]
Rendering home/index
Completed in 8ms (View: 7, DB: 0) | 200 OK [http://localhost/]


Processing ApplicationController#index (for 127.0.0.1 at 2010-07-05 22:57:37) [GET]

ActionController::RoutingError (No route matches "/index" with {:method=>:get}):
  

Rendering rescues/layout (not_found)


Processing HomeController#index (for 127.0.0.1 at 2010-07-05 22:57:55) [GET]
Rendering home/index
Completed in 7ms (View: 5, DB: 0) | 200 OK [http://localhost/home/index]


Processing HomeController#index (for 127.0.0.1 at 2010-07-05 22:57:56) [GET]
Rendering home/index
Completed in 2ms (View: 1, DB: 0) | 200 OK [http://localhost/home/index]


Processing HomeController#registry (for 127.0.0.1 at 2010-07-05 22:58:00) [GET]
Rendering home/registry
Completed in 8ms (View: 6, DB: 0) | 200 OK [http://localhost/home/registry]


Processing HomeController#registry (for 127.0.0.1 at 2010-07-05 23:00:05) [GET]
Rendering home/registry
Completed in 2ms (View: 1, DB: 0) | 200 OK [http://localhost/home/registry]


Processing HomeController#registry (for 127.0.0.1 at 2010-07-05 23:00:06) [GET]
Rendering home/registry
Completed in 2ms (View: 1, DB: 0) | 200 OK [http://localhost/home/registry]


Processing HomeController#registry (for 127.0.0.1 at 2010-07-05 23:00:06) [GET]
Rendering home/registry
Completed in 3ms (View: 1, DB: 0) | 200 OK [http://localhost/home/registry]


Processing HomeController#registry (for 127.0.0.1 at 2010-07-05 23:00:07) [GET]
Rendering home/registry
Completed in 2ms (View: 1, DB: 0) | 200 OK [http://localhost/home/registry]


Processing HomeController#registry (for 127.0.0.1 at 2010-07-05 23:00:14) [GET]
Rendering home/registry
Completed in 9ms (View: 6, DB: 0) | 200 OK [http://localhost/home/registry]


Processing HomeController#registry (for 127.0.0.1 at 2010-07-05 23:00:15) [GET]
Rendering home/registry
Completed in 2ms (View: 1, DB: 0) | 200 OK [http://localhost/home/registry]


Processing HomeController#registry (for 127.0.0.1 at 2010-07-05 23:00:16) [GET]
Rendering home/registry
Completed in 2ms (View: 1, DB: 0) | 200 OK [http://localhost/home/registry]


Processing HomeController#registry (for 127.0.0.1 at 2010-07-05 23:00:16) [GET]
Rendering home/registry
Completed in 2ms (View: 1, DB: 0) | 200 OK [http://localhost/home/registry]


Processing HomeController#registry (for 127.0.0.1 at 2010-07-05 23:01:40) [GET]
Rendering home/registry
Completed in 3ms (View: 1, DB: 0) | 200 OK [http://localhost/home/registry]


Processing HomeController#registry (for 127.0.0.1 at 2010-07-05 23:01:51) [GET]
Rendering home/registry
Completed in 8ms (View: 6, DB: 0) | 200 OK [http://localhost/home/registry]


Processing HomeController#registry (for 127.0.0.1 at 2010-07-05 23:01:52) [GET]
Rendering home/registry
Completed in 3ms (View: 1, DB: 0) | 200 OK [http://localhost/home/registry]


Processing HomeController#registry (for 127.0.0.1 at 2010-07-05 23:01:53) [GET]
Rendering home/registry
Completed in 3ms (View: 1, DB: 0) | 200 OK [http://localhost/home/registry]


Processing HomeController#registry (for 127.0.0.1 at 2010-07-05 23:01:53) [GET]
Rendering home/registry
Completed in 2ms (View: 1, DB: 0) | 200 OK [http://localhost/home/registry]


Processing HomeController#registry (for 127.0.0.1 at 2010-07-05 23:03:32) [GET]
Rendering template within layouts/default
Rendering home/registry
Completed in 13ms (View: 11, DB: 0) | 200 OK [http://localhost/home/registry]


Processing HomeController#registry (for 127.0.0.1 at 2010-07-05 23:03:48) [GET]
Rendering template within layouts/default
Rendering home/registry
Completed in 11ms (View: 10, DB: 0) | 200 OK [http://localhost/home/registry]


Processing HomeController#registry (for 127.0.0.1 at 2010-07-05 23:03:52) [GET]
Rendering template within layouts/default
Rendering home/registry
Completed in 3ms (View: 1, DB: 0) | 200 OK [http://localhost/home/registry]


Processing HomeController#rsvp (for 127.0.0.1 at 2010-07-05 23:03:53) [GET]
Redirected to http://benkat.wufoo.com/forms/ben-and-kats-amazing-wedding-celebration/
Completed in 2ms (DB: 0) | 302 Found [http://localhost/home/rsvp]


Processing HomeController#registry (for 127.0.0.1 at 2010-07-05 23:04:29) [GET]
Rendering template within layouts/default
Rendering home/registry
Completed in 3ms (View: 1, DB: 0) | 200 OK [http://localhost/home/registry]


Processing HomeController#registry (for 127.0.0.1 at 2010-07-05 23:04:32) [GET]
Rendering template within layouts/default
Rendering home/registry
Completed in 3ms (View: 1, DB: 0) | 200 OK [http://localhost/home/registry]


Processing HomeController#registry (for 127.0.0.1 at 2010-07-05 23:07:18) [GET]
Rendering template within layouts/default
Rendering home/registry

ActionView::TemplateError (Inconsistent indentation: 19 spaces were used for indentation, but the rest of the document was indented using 4 spaces.) on line #13 of app/views/layouts/default.haml:
10:                 %li 
11:                     =link_to 'Wedding Registry', :action => 'registry'
12:                 %li
13:                    =link_to 'About', :action => 'registry'
14:                 -#%li =link_to 'Photos', :action => 'photos'
15:         .content
16:             -yield

    app/views/layouts/default.haml:13
    haml (2.2.4) lib/haml/precompiler.rb:141:in `tabs'
    haml (2.2.4) lib/haml/precompiler.rb:123:in `instance_eval'
    haml (2.2.4) lib/haml/precompiler.rb:123:in `tabs'
    haml (2.2.4) lib/haml/precompiler.rb:944:in `block_opened?'
    haml (2.2.4) lib/haml/precompiler.rb:700:in `render_tag'
    haml (2.2.4) lib/haml/precompiler.rb:204:in `process_line'
    haml (2.2.4) lib/haml/precompiler.rb:168:in `precompile'
    haml (2.2.4) lib/haml/engine.rb:112:in `initialize'
    haml (2.2.4) rails/./lib/haml/template/plugin.rb:21:in `new'
    haml (2.2.4) rails/./lib/haml/template/plugin.rb:21:in `compile'
    haml (2.2.4) lib/haml/helpers/action_view_mods.rb:13:in `render'
    haml (2.2.4) lib/haml/helpers/action_view_mods.rb:13:in `render'
    haml (2.2.4) lib/sass/plugin/rails.rb:19:in `process_without_compass'
    compass (0.8.17) lib/compass/app_integration/rails/action_controller.rb:7:in `process'

Rendered rescues/_trace (61.8ms)
Rendered rescues/_request_and_response (1.5ms)
Rendering rescues/layout (internal_server_error)


Processing HomeController#registry (for 127.0.0.1 at 2010-07-05 23:07:24) [GET]
Rendering template within layouts/default
Rendering home/registry
Completed in 12ms (View: 10, DB: 0) | 200 OK [http://localhost/home/registry]


Processing HomeController#registry (for 127.0.0.1 at 2010-07-05 23:07:38) [GET]
Rendering template within layouts/default
Rendering home/registry
Completed in 13ms (View: 11, DB: 0) | 200 OK [http://localhost/home/registry]


Processing HomeController#registry (for 127.0.0.1 at 2010-07-05 23:14:20) [GET]
Rendering template within layouts/default
Rendering home/registry
Completed in 3ms (View: 2, DB: 0) | 200 OK [http://localhost/home/registry]


Processing HomeController#registry (for 127.0.0.1 at 2010-07-05 23:14:41) [GET]
Rendering template within layouts/default
Rendering home/registry
Completed in 12ms (View: 10, DB: 0) | 200 OK [http://localhost/home/registry]


Processing HomeController#rsvp (for 127.0.0.1 at 2010-07-05 23:14:42) [GET]
Redirected to http://benkat.wufoo.com/forms/ben-and-kats-wedding-celebration/
Completed in 2ms (DB: 0) | 302 Found [http://localhost/home/rsvp]


Processing HomeController#registry (for 127.0.0.1 at 2010-07-05 23:14:51) [GET]
Rendering template within layouts/default
Rendering home/registry
Completed in 12ms (View: 10, DB: 0) | 200 OK [http://localhost/home/registry]


Processing HomeController#index (for 127.0.0.1 at 2010-07-05 23:14:52) [GET]
Rendering template within layouts/default
Rendering home/index
Completed in 25ms (View: 24, DB: 0) | 200 OK [http://localhost/]


Processing HomeController#index (for 127.0.0.1 at 2010-07-05 23:14:54) [GET]
Rendering template within layouts/default
Rendering home/index
Completed in 3ms (View: 2, DB: 0) | 200 OK [http://localhost/]


Processing HomeController#index (for 127.0.0.1 at 2010-07-05 23:15:07) [GET]
Rendering template within layouts/default
Rendering home/index
Completed in 33ms (View: 32, DB: 0) | 200 OK [http://localhost/]


Processing HomeController#index (for 127.0.0.1 at 2010-07-05 23:15:08) [GET]
Rendering template within layouts/default
Rendering home/index
Completed in 3ms (View: 2, DB: 0) | 200 OK [http://localhost/]


Processing HomeController#index (for 127.0.0.1 at 2010-07-05 23:15:09) [GET]
Rendering template within layouts/default
Rendering home/index
Completed in 3ms (View: 2, DB: 0) | 200 OK [http://localhost/]


Processing HomeController#index (for 127.0.0.1 at 2010-07-05 23:15:10) [GET]
Rendering template within layouts/default
Rendering home/index
Completed in 4ms (View: 2, DB: 0) | 200 OK [http://localhost/]


Processing HomeController#index (for 127.0.0.1 at 2010-07-05 23:15:10) [GET]
Rendering template within layouts/default
Rendering home/index
Completed in 3ms (View: 2, DB: 0) | 200 OK [http://localhost/]


Processing HomeController#index (for 127.0.0.1 at 2010-07-05 23:15:10) [GET]
Rendering template within layouts/default
Rendering home/index
Completed in 3ms (View: 2, DB: 0) | 200 OK [http://localhost/]


Processing HomeController#index (for 127.0.0.1 at 2010-07-05 23:15:11) [GET]
Rendering template within layouts/default
Rendering home/index
Completed in 3ms (View: 2, DB: 0) | 200 OK [http://localhost/]


Processing HomeController#index (for 127.0.0.1 at 2010-07-05 23:15:11) [GET]
Rendering template within layouts/default
Rendering home/index
Completed in 3ms (View: 2, DB: 0) | 200 OK [http://localhost/]


Processing HomeController#index (for 127.0.0.1 at 2010-07-05 23:15:12) [GET]
Rendering template within layouts/default
Rendering home/index
Completed in 3ms (View: 2, DB: 0) | 200 OK [http://localhost/]


Processing HomeController#index (for 127.0.0.1 at 2010-07-05 23:15:13) [GET]
Rendering template within layouts/default
Rendering home/index
Completed in 5ms (View: 2, DB: 0) | 200 OK [http://localhost/]


Processing HomeController#index (for 127.0.0.1 at 2010-07-05 23:15:13) [GET]
Rendering template within layouts/default
Rendering home/index
Completed in 3ms (View: 2, DB: 0) | 200 OK [http://localhost/]


Processing HomeController#index (for 127.0.0.1 at 2010-07-05 23:15:13) [GET]
Rendering template within layouts/default
Rendering home/index
Completed in 3ms (View: 2, DB: 0) | 200 OK [http://localhost/]


Processing HomeController#index (for 127.0.0.1 at 2010-07-05 23:15:13) [GET]
Rendering template within layouts/default
Rendering home/index
Completed in 3ms (View: 2, DB: 0) | 200 OK [http://localhost/]


Processing HomeController#index (for 127.0.0.1 at 2010-07-05 23:15:13) [GET]
Rendering template within layouts/default
Rendering home/index
Completed in 3ms (View: 2, DB: 0) | 200 OK [http://localhost/]


Processing HomeController#index (for 127.0.0.1 at 2010-07-05 23:15:33) [GET]
Rendering template within layouts/default
Rendering home/index
Completed in 21ms (View: 19, DB: 0) | 200 OK [http://localhost/]


Processing HomeController#index (for 127.0.0.1 at 2010-07-05 23:15:34) [GET]
Rendering template within layouts/default
Rendering home/index
Completed in 3ms (View: 2, DB: 0) | 200 OK [http://localhost/]


Processing HomeController#index (for 127.0.0.1 at 2010-07-05 23:15:35) [GET]
Rendering template within layouts/default
Rendering home/index
Completed in 3ms (View: 2, DB: 0) | 200 OK [http://localhost/]


Processing HomeController#index (for 127.0.0.1 at 2010-07-05 23:15:36) [GET]
Rendering template within layouts/default
Rendering home/index
Completed in 4ms (View: 2, DB: 0) | 200 OK [http://localhost/]


Processing HomeController#index (for 127.0.0.1 at 2010-07-05 23:15:36) [GET]
Rendering template within layouts/default
Rendering home/index
Completed in 8ms (View: 5, DB: 0) | 200 OK [http://localhost/]


Processing HomeController#index (for 127.0.0.1 at 2010-07-05 23:15:36) [GET]
Rendering template within layouts/default
Rendering home/index
Completed in 3ms (View: 2, DB: 0) | 200 OK [http://localhost/]


Processing HomeController#index (for 127.0.0.1 at 2010-07-05 23:15:37) [GET]
Rendering template within layouts/default
Rendering home/index
Completed in 3ms (View: 2, DB: 0) | 200 OK [http://localhost/]


Processing HomeController#rsvp (for 127.0.0.1 at 2010-07-05 23:15:43) [GET]
Redirected to http://benkat.wufoo.com/forms/ben-and-kats-wedding-celebration/
Completed in 2ms (DB: 0) | 302 Found [http://localhost/home/rsvp]


Processing HomeController#registry (for 127.0.0.1 at 2010-07-05 23:15:44) [GET]
Rendering template within layouts/default
Rendering home/registry
Completed in 19ms (View: 13, DB: 0) | 200 OK [http://localhost/home/registry]


Processing HomeController#registry (for 127.0.0.1 at 2010-07-05 23:15:45) [GET]
Rendering template within layouts/default
Rendering home/registry
Completed in 3ms (View: 2, DB: 0) | 200 OK [http://localhost/home/registry]


Processing HomeController#registry (for 127.0.0.1 at 2010-07-05 23:15:55) [GET]
Rendering template within layouts/default
Rendering home/registry
Completed in 12ms (View: 10, DB: 0) | 200 OK [http://localhost/home/registry]


Processing HomeController#index (for 127.0.0.1 at 2010-07-05 23:15:56) [GET]
Rendering template within layouts/default
Rendering home/index
Completed in 3ms (View: 2, DB: 0) | 200 OK [http://localhost/]


Processing HomeController#index (for 127.0.0.1 at 2010-07-05 23:18:22) [GET]
Rendering template within layouts/default
Rendering home/index
Completed in 39ms (View: 37, DB: 0) | 200 OK [http://localhost/]


Processing ApplicationController#index (for 127.0.0.1 at 2010-07-05 23:18:22) [GET]

ActionController::RoutingError (No route matches "/stylesheets/compiled/screen.css" with {:method=>:get}):
  

Rendering rescues/layout (not_found)


Processing ApplicationController#index (for 127.0.0.1 at 2010-07-05 23:18:22) [GET]

ActionController::RoutingError (No route matches "/stylesheets/compiled/print.css" with {:method=>:get}):
  

Rendering rescues/layout (not_found)


Processing ApplicationController#index (for 127.0.0.1 at 2010-07-05 23:18:22) [GET]

ActionController::RoutingError (No route matches "/images/sky/common/favicon.ico" with {:method=>:get}):
  

Rendering rescues/layout (not_found)


Processing HomeController#index (for 127.0.0.1 at 2010-07-05 23:18:25) [GET]
Rendering template within layouts/default
Rendering home/index
Completed in 3ms (View: 2, DB: 0) | 200 OK [http://localhost/]


Processing ApplicationController#index (for 127.0.0.1 at 2010-07-05 23:18:25) [GET]

ActionController::RoutingError (No route matches "/stylesheets/compiled/screen.css" with {:method=>:get}):
  

Rendering rescues/layout (not_found)


Processing ApplicationController#index (for 127.0.0.1 at 2010-07-05 23:18:25) [GET]

ActionController::RoutingError (No route matches "/stylesheets/compiled/print.css" with {:method=>:get}):
  

Rendering rescues/layout (not_found)


Processing ApplicationController#index (for 127.0.0.1 at 2010-07-05 23:18:25) [GET]

ActionController::RoutingError (No route matches "/images/sky/common/favicon.ico" with {:method=>:get}):
  

Rendering rescues/layout (not_found)


Processing ApplicationController#index (for 127.0.0.1 at 2010-07-05 23:18:27) [GET]

ActionController::RoutingError (No route matches "/images/sky/common/favicon.ico" with {:method=>:get}):
  

Rendering rescues/layout (not_found)


Processing ApplicationController#index (for 127.0.0.1 at 2010-07-05 23:18:47) [GET]

ActionController::RoutingError (No route matches "/stylesheets/compiled/screen.css" with {:method=>:get}):
  

Rendering rescues/layout (not_found)


Processing HomeController#index (for 127.0.0.1 at 2010-07-05 23:20:04) [GET]
Rendering template within layouts/default
Rendering home/index
Completed in 24ms (View: 23, DB: 0) | 200 OK [http://localhost/]


Processing ApplicationController#index (for 127.0.0.1 at 2010-07-05 23:20:04) [GET]

ActionController::RoutingError (No route matches "/stylesheets/compiled/print.css" with {:method=>:get}):
  

Rendering rescues/layout (not_found)


Processing HomeController#index (for 127.0.0.1 at 2010-07-05 23:22:29) [GET]
Rendering template within layouts/default
Rendering home/index
Completed in 3ms (View: 2, DB: 0) | 200 OK [http://localhost/]


Processing ApplicationController#index (for 127.0.0.1 at 2010-07-05 23:22:29) [GET]

ActionController::RoutingError (No route matches "/stylesheets/compiled/print.css" with {:method=>:get}):
  

Rendering rescues/layout (not_found)


Processing HomeController#index (for 127.0.0.1 at 2010-07-05 23:26:11) [GET]
Rendering template within layouts/default
Rendering home/index
Completed in 3ms (View: 2, DB: 0) | 200 OK [http://localhost/]


Processing ApplicationController#index (for 127.0.0.1 at 2010-07-05 23:26:12) [GET]

ActionController::RoutingError (No route matches "/stylesheets/compiled/print.css" with {:method=>:get}):
  

Rendering rescues/layout (not_found)


Processing HomeController#index (for 127.0.0.1 at 2010-07-05 23:27:22) [GET]
Rendering template within layouts/default
Rendering home/index
Completed in 3ms (View: 2, DB: 0) | 200 OK [http://localhost/]


Processing ApplicationController#index (for 127.0.0.1 at 2010-07-05 23:27:22) [GET]

ActionController::RoutingError (No route matches "/stylesheets/compiled/print.css" with {:method=>:get}):
  

Rendering rescues/layout (not_found)


Processing HomeController#rsvp (for 127.0.0.1 at 2010-07-05 23:27:24) [GET]
Redirected to http://benkat.wufoo.com/forms/ben-and-kats-wedding-celebration/
Completed in 2ms (DB: 0) | 302 Found [http://localhost/home/rsvp]


Processing HomeController#registry (for 127.0.0.1 at 2010-07-05 23:27:32) [GET]
Rendering template within layouts/default
Rendering home/registry
Completed in 8ms (View: 6, DB: 0) | 200 OK [http://localhost/home/registry]


Processing ApplicationController#index (for 127.0.0.1 at 2010-07-05 23:27:32) [GET]

ActionController::RoutingError (No route matches "/stylesheets/compiled/print.css" with {:method=>:get}):
  

Rendering rescues/layout (not_found)


Processing HomeController#registry (for 127.0.0.1 at 2010-07-05 23:27:34) [GET]
Rendering template within layouts/default
Rendering home/registry
Completed in 4ms (View: 2, DB: 0) | 200 OK [http://localhost/home/registry]


Processing ApplicationController#index (for 127.0.0.1 at 2010-07-05 23:27:35) [GET]

ActionController::RoutingError (No route matches "/stylesheets/compiled/print.css" with {:method=>:get}):
  

Rendering rescues/layout (not_found)


Processing HomeController#index (for 127.0.0.1 at 2010-07-05 23:27:37) [GET]
Rendering template within layouts/default
Rendering home/index
Completed in 3ms (View: 2, DB: 0) | 200 OK [http://localhost/]


Processing ApplicationController#index (for 127.0.0.1 at 2010-07-05 23:27:37) [GET]

ActionController::RoutingError (No route matches "/stylesheets/compiled/print.css" with {:method=>:get}):
  

Rendering rescues/layout (not_found)


Processing HomeController#registry (for 127.0.0.1 at 2010-07-05 23:28:01) [GET]
Rendering template within layouts/default
Rendering home/registry
Completed in 3ms (View: 2, DB: 0) | 200 OK [http://localhost/home/registry]


Processing ApplicationController#index (for 127.0.0.1 at 2010-07-05 23:28:01) [GET]

ActionController::RoutingError (No route matches "/stylesheets/compiled/print.css" with {:method=>:get}):
  

Rendering rescues/layout (not_found)


Processing HomeController#registry (for 127.0.0.1 at 2010-07-05 23:28:02) [GET]
Rendering template within layouts/default
Rendering home/registry
Completed in 3ms (View: 2, DB: 0) | 200 OK [http://localhost/home/registry]


Processing ApplicationController#index (for 127.0.0.1 at 2010-07-05 23:28:02) [GET]

ActionController::RoutingError (No route matches "/stylesheets/compiled/print.css" with {:method=>:get}):
  

Rendering rescues/layout (not_found)


Processing HomeController#registry (for 127.0.0.1 at 2010-07-05 23:28:04) [GET]
Rendering template within layouts/default
Rendering home/registry
Completed in 3ms (View: 2, DB: 0) | 200 OK [http://localhost/home/registry]


Processing ApplicationController#index (for 127.0.0.1 at 2010-07-05 23:28:04) [GET]

ActionController::RoutingError (No route matches "/stylesheets/compiled/print.css" with {:method=>:get}):
  

Rendering rescues/layout (not_found)


Processing HomeController#registry (for 127.0.0.1 at 2010-07-05 23:28:05) [GET]
Rendering template within layouts/default
Rendering home/registry
Completed in 3ms (View: 2, DB: 0) | 200 OK [http://localhost/home/registry]


Processing ApplicationController#index (for 127.0.0.1 at 2010-07-05 23:28:05) [GET]

ActionController::RoutingError (No route matches "/stylesheets/compiled/print.css" with {:method=>:get}):
  

Rendering rescues/layout (not_found)


Processing HomeController#rsvp (for 127.0.0.1 at 2010-07-05 23:28:06) [GET]
Redirected to http://benkat.wufoo.com/forms/ben-and-kats-wedding-celebration/
Completed in 2ms (DB: 0) | 302 Found [http://localhost/home/rsvp]


Processing HomeController#index (for 127.0.0.1 at 2010-07-05 23:28:10) [GET]
Rendering template within layouts/default
Rendering home/index
Completed in 3ms (View: 2, DB: 0) | 200 OK [http://localhost/]


Processing ApplicationController#index (for 127.0.0.1 at 2010-07-05 23:28:10) [GET]

ActionController::RoutingError (No route matches "/stylesheets/compiled/print.css" with {:method=>:get}):
  

Rendering rescues/layout (not_found)


Processing HomeController#index (for 127.0.0.1 at 2010-07-05 23:31:16) [GET]
Rendering template within layouts/default
Rendering home/index
Completed in 14ms (View: 12, DB: 0) | 200 OK [http://localhost/]


Processing ApplicationController#index (for 127.0.0.1 at 2010-07-05 23:31:17) [GET]

ActionController::RoutingError (No route matches "/stylesheets/compiled/print.css" with {:method=>:get}):
  

Rendering rescues/layout (not_found)


Processing HomeController#index (for 127.0.0.1 at 2010-07-05 23:31:38) [GET]
Rendering template within layouts/default
Rendering home/index
Completed in 14ms (View: 12, DB: 0) | 200 OK [http://localhost/]


Processing ApplicationController#index (for 127.0.0.1 at 2010-07-05 23:31:38) [GET]

ActionController::RoutingError (No route matches "/stylesheets/compiled/print.css" with {:method=>:get}):
  

Rendering rescues/layout (not_found)


Processing HomeController#rsvp (for 127.0.0.1 at 2010-07-05 23:31:49) [GET]
Redirected to http://benkat.wufoo.com/forms/ben-and-kats-wedding-celebration/
Completed in 2ms (DB: 0) | 302 Found [http://localhost/home/rsvp]


Processing HomeController#index (for 127.0.0.1 at 2010-07-05 23:31:55) [GET]
Rendering template within layouts/default
Rendering home/index
Completed in 4ms (View: 2, DB: 0) | 200 OK [http://localhost/]


Processing ApplicationController#index (for 127.0.0.1 at 2010-07-05 23:31:55) [GET]

ActionController::RoutingError (No route matches "/stylesheets/compiled/print.css" with {:method=>:get}):
  

Rendering rescues/layout (not_found)


Processing HomeController#registry (for 127.0.0.1 at 2010-07-05 23:31:56) [GET]
Rendering template within layouts/default
Rendering home/registry
Completed in 6ms (View: 2, DB: 0) | 200 OK [http://localhost/home/registry]


Processing ApplicationController#index (for 127.0.0.1 at 2010-07-05 23:31:56) [GET]

ActionController::RoutingError (No route matches "/stylesheets/compiled/print.css" with {:method=>:get}):
  

Rendering rescues/layout (not_found)


Processing HomeController#registry (for 127.0.0.1 at 2010-07-05 23:31:57) [GET]
Rendering template within layouts/default
Rendering home/registry
Completed in 3ms (View: 2, DB: 0) | 200 OK [http://localhost/home/registry]


Processing ApplicationController#index (for 127.0.0.1 at 2010-07-05 23:31:58) [GET]

ActionController::RoutingError (No route matches "/stylesheets/compiled/print.css" with {:method=>:get}):
  

Rendering rescues/layout (not_found)


Processing HomeController#registry (for 127.0.0.1 at 2010-07-05 23:32:02) [GET]
Rendering template within layouts/default
Rendering home/registry
Completed in 3ms (View: 2, DB: 0) | 200 OK [http://localhost/home/registry]


Processing ApplicationController#index (for 127.0.0.1 at 2010-07-05 23:32:02) [GET]

ActionController::RoutingError (No route matches "/stylesheets/compiled/print.css" with {:method=>:get}):
  

Rendering rescues/layout (not_found)


Processing HomeController#registry (for 127.0.0.1 at 2010-07-05 23:32:53) [GET]
Rendering template within layouts/default
Rendering home/registry
Completed in 14ms (View: 13, DB: 0) | 200 OK [http://localhost/home/registry]


Processing ApplicationController#index (for 127.0.0.1 at 2010-07-05 23:32:53) [GET]

ActionController::RoutingError (No route matches "/stylesheets/compiled/print.css" with {:method=>:get}):
  

Rendering rescues/layout (not_found)


Processing HomeController#registry (for 127.0.0.1 at 2010-07-05 23:33:19) [GET]
Rendering template within layouts/default
Rendering home/registry
Completed in 4ms (View: 2, DB: 0) | 200 OK [http://localhost/home/registry]


Processing ApplicationController#index (for 127.0.0.1 at 2010-07-05 23:33:19) [GET]

ActionController::RoutingError (No route matches "/stylesheets/compiled/print.css" with {:method=>:get}):
  

Rendering rescues/layout (not_found)


Processing HomeController#registry (for 127.0.0.1 at 2010-07-05 23:33:20) [GET]
Rendering template within layouts/default
Rendering home/registry
Completed in 3ms (View: 2, DB: 0) | 200 OK [http://localhost/home/registry]


Processing ApplicationController#index (for 127.0.0.1 at 2010-07-05 23:33:20) [GET]

ActionController::RoutingError (No route matches "/stylesheets/compiled/print.css" with {:method=>:get}):
  

Rendering rescues/layout (not_found)


Processing HomeController#registry (for 127.0.0.1 at 2010-07-05 23:33:44) [GET]
Rendering template within layouts/default
Rendering home/registry
Completed in 4ms (View: 2, DB: 0) | 200 OK [http://localhost/home/registry]


Processing ApplicationController#index (for 127.0.0.1 at 2010-07-05 23:33:44) [GET]

ActionController::RoutingError (No route matches "/stylesheets/compiled/print.css" with {:method=>:get}):
  

Rendering rescues/layout (not_found)


Processing HomeController#registry (for 127.0.0.1 at 2010-07-05 23:34:13) [GET]
Rendering template within layouts/default
Rendering home/registry
Completed in 4ms (View: 2, DB: 0) | 200 OK [http://localhost/home/registry]


Processing ApplicationController#index (for 127.0.0.1 at 2010-07-05 23:34:13) [GET]

ActionController::RoutingError (No route matches "/stylesheets/compiled/print.css" with {:method=>:get}):
  

Rendering rescues/layout (not_found)


Processing HomeController#registry (for 127.0.0.1 at 2010-07-05 23:34:17) [GET]
Rendering template within layouts/default
Rendering home/registry
Completed in 3ms (View: 2, DB: 0) | 200 OK [http://localhost/home/registry]


Processing ApplicationController#index (for 127.0.0.1 at 2010-07-05 23:34:17) [GET]

ActionController::RoutingError (No route matches "/stylesheets/compiled/print.css" with {:method=>:get}):
  

Rendering rescues/layout (not_found)


Processing HomeController#registry (for 127.0.0.1 at 2010-07-05 23:34:30) [GET]
Rendering template within layouts/default
Rendering home/registry
Completed in 4ms (View: 2, DB: 0) | 200 OK [http://localhost/home/registry]


Processing ApplicationController#index (for 127.0.0.1 at 2010-07-05 23:34:30) [GET]

ActionController::RoutingError (No route matches "/stylesheets/compiled/print.css" with {:method=>:get}):
  

Rendering rescues/layout (not_found)


Processing HomeController#registry (for 127.0.0.1 at 2010-07-05 23:34:31) [GET]
Rendering template within layouts/default
Rendering home/registry
Completed in 3ms (View: 2, DB: 0) | 200 OK [http://localhost/home/registry]


Processing ApplicationController#index (for 127.0.0.1 at 2010-07-05 23:34:31) [GET]

ActionController::RoutingError (No route matches "/stylesheets/compiled/print.css" with {:method=>:get}):
  

Rendering rescues/layout (not_found)


Processing HomeController#registry (for 127.0.0.1 at 2010-07-05 23:34:43) [GET]
Rendering template within layouts/default
Rendering home/registry
Completed in 4ms (View: 2, DB: 0) | 200 OK [http://localhost/home/registry]


Processing ApplicationController#index (for 127.0.0.1 at 2010-07-05 23:34:43) [GET]

ActionController::RoutingError (No route matches "/stylesheets/compiled/print.css" with {:method=>:get}):
  

Rendering rescues/layout (not_found)


Processing HomeController#registry (for 127.0.0.1 at 2010-07-05 23:34:54) [GET]
Rendering template within layouts/default
Rendering home/registry
Completed in 3ms (View: 2, DB: 0) | 200 OK [http://localhost/home/registry]


Processing ApplicationController#index (for 127.0.0.1 at 2010-07-05 23:34:54) [GET]

ActionController::RoutingError (No route matches "/stylesheets/compiled/print.css" with {:method=>:get}):
  

Rendering rescues/layout (not_found)


Processing HomeController#registry (for 127.0.0.1 at 2010-07-05 23:35:50) [GET]
Rendering template within layouts/default
Rendering home/registry
Completed in 3ms (View: 2, DB: 0) | 200 OK [http://localhost/home/registry]


Processing ApplicationController#index (for 127.0.0.1 at 2010-07-05 23:35:50) [GET]

ActionController::RoutingError (No route matches "/stylesheets/compiled/print.css" with {:method=>:get}):
  

Rendering rescues/layout (not_found)


Processing HomeController#registry (for 127.0.0.1 at 2010-07-05 23:35:51) [GET]
Rendering template within layouts/default
Rendering home/registry
Completed in 3ms (View: 2, DB: 0) | 200 OK [http://localhost/home/registry]


Processing ApplicationController#index (for 127.0.0.1 at 2010-07-05 23:35:51) [GET]

ActionController::RoutingError (No route matches "/stylesheets/compiled/print.css" with {:method=>:get}):
  

Rendering rescues/layout (not_found)


Processing HomeController#registry (for 127.0.0.1 at 2010-07-05 23:35:57) [GET]
Rendering template within layouts/default
Rendering home/registry
Completed in 3ms (View: 2, DB: 0) | 200 OK [http://localhost/home/registry]


Processing ApplicationController#index (for 127.0.0.1 at 2010-07-05 23:35:57) [GET]

ActionController::RoutingError (No route matches "/stylesheets/compiled/print.css" with {:method=>:get}):
  

Rendering rescues/layout (not_found)


Processing HomeController#registry (for 127.0.0.1 at 2010-07-05 23:36:16) [GET]
Rendering template within layouts/default
Rendering home/registry
Completed in 7ms (View: 3, DB: 0) | 200 OK [http://localhost/home/registry]


Processing ApplicationController#index (for 127.0.0.1 at 2010-07-05 23:36:16) [GET]

ActionController::RoutingError (No route matches "/stylesheets/compiled/print.css" with {:method=>:get}):
  

Rendering rescues/layout (not_found)


Processing HomeController#registry (for 127.0.0.1 at 2010-07-05 23:36:17) [GET]
Rendering template within layouts/default
Rendering home/registry
Completed in 3ms (View: 2, DB: 0) | 200 OK [http://localhost/home/registry]


Processing ApplicationController#index (for 127.0.0.1 at 2010-07-05 23:36:17) [GET]

ActionController::RoutingError (No route matches "/stylesheets/compiled/print.css" with {:method=>:get}):
  

Rendering rescues/layout (not_found)


Processing HomeController#registry (for 127.0.0.1 at 2010-07-05 23:36:18) [GET]
Rendering template within layouts/default
Rendering home/registry
Completed in 4ms (View: 2, DB: 0) | 200 OK [http://localhost/home/registry]


Processing ApplicationController#index (for 127.0.0.1 at 2010-07-05 23:36:18) [GET]

ActionController::RoutingError (No route matches "/stylesheets/compiled/print.css" with {:method=>:get}):
  

Rendering rescues/layout (not_found)


Processing HomeController#registry (for 127.0.0.1 at 2010-07-05 23:36:19) [GET]
Rendering template within layouts/default
Rendering home/registry
Completed in 3ms (View: 2, DB: 0) | 200 OK [http://localhost/home/registry]


Processing ApplicationController#index (for 127.0.0.1 at 2010-07-05 23:36:19) [GET]

ActionController::RoutingError (No route matches "/stylesheets/compiled/print.css" with {:method=>:get}):
  

Rendering rescues/layout (not_found)


Processing HomeController#registry (for 127.0.0.1 at 2010-07-05 23:36:24) [GET]
Rendering template within layouts/default
Rendering home/registry
Completed in 4ms (View: 2, DB: 0) | 200 OK [http://localhost/home/registry]


Processing ApplicationController#index (for 127.0.0.1 at 2010-07-05 23:36:24) [GET]

ActionController::RoutingError (No route matches "/stylesheets/compiled/print.css" with {:method=>:get}):
  

Rendering rescues/layout (not_found)


Processing HomeController#registry (for 127.0.0.1 at 2010-07-05 23:36:34) [GET]
Rendering template within layouts/default
Rendering home/registry
Completed in 4ms (View: 2, DB: 0) | 200 OK [http://localhost/home/registry]


Processing ApplicationController#index (for 127.0.0.1 at 2010-07-05 23:36:34) [GET]

ActionController::RoutingError (No route matches "/stylesheets/compiled/print.css" with {:method=>:get}):
  

Rendering rescues/layout (not_found)


Processing HomeController#rsvp (for 127.0.0.1 at 2010-07-05 23:36:38) [GET]
Redirected to http://benkat.wufoo.com/forms/ben-and-kats-wedding-celebration/
Completed in 2ms (DB: 0) | 302 Found [http://localhost/home/rsvp]


Processing HomeController#registry (for 127.0.0.1 at 2010-07-05 23:36:42) [GET]
Rendering template within layouts/default
Rendering home/registry
Completed in 3ms (View: 2, DB: 0) | 200 OK [http://localhost/home/registry]


Processing ApplicationController#index (for 127.0.0.1 at 2010-07-05 23:36:42) [GET]

ActionController::RoutingError (No route matches "/stylesheets/compiled/print.css" with {:method=>:get}):
  

Rendering rescues/layout (not_found)


Processing HomeController#registry (for 127.0.0.1 at 2010-07-05 23:36:45) [GET]
Rendering template within layouts/default
Rendering home/registry
Completed in 4ms (View: 2, DB: 0) | 200 OK [http://localhost/home/registry]


Processing ApplicationController#index (for 127.0.0.1 at 2010-07-05 23:36:45) [GET]

ActionController::RoutingError (No route matches "/stylesheets/compiled/print.css" with {:method=>:get}):
  

Rendering rescues/layout (not_found)


Processing HomeController#registry (for 127.0.0.1 at 2010-07-05 23:36:46) [GET]
Rendering template within layouts/default
Rendering home/registry
Completed in 3ms (View: 2, DB: 0) | 200 OK [http://localhost/home/registry]


Processing ApplicationController#index (for 127.0.0.1 at 2010-07-05 23:36:46) [GET]

ActionController::RoutingError (No route matches "/stylesheets/compiled/print.css" with {:method=>:get}):
  

Rendering rescues/layout (not_found)


Processing HomeController#index (for 127.0.0.1 at 2010-07-05 23:36:47) [GET]
Rendering template within layouts/default
Rendering home/index
Completed in 3ms (View: 2, DB: 0) | 200 OK [http://localhost/]


Processing ApplicationController#index (for 127.0.0.1 at 2010-07-05 23:36:47) [GET]

ActionController::RoutingError (No route matches "/stylesheets/compiled/print.css" with {:method=>:get}):
  

Rendering rescues/layout (not_found)


Processing HomeController#registry (for 127.0.0.1 at 2010-07-05 23:36:53) [GET]
Rendering template within layouts/default
Rendering home/registry
Completed in 4ms (View: 2, DB: 0) | 200 OK [http://localhost/home/registry]


Processing ApplicationController#index (for 127.0.0.1 at 2010-07-05 23:36:53) [GET]

ActionController::RoutingError (No route matches "/stylesheets/compiled/print.css" with {:method=>:get}):
  

Rendering rescues/layout (not_found)


Processing HomeController#registry (for 127.0.0.1 at 2010-07-05 23:37:04) [GET]
Rendering template within layouts/default
Rendering home/registry
Completed in 15ms (View: 13, DB: 0) | 200 OK [http://localhost/home/registry]


Processing ApplicationController#index (for 127.0.0.1 at 2010-07-05 23:37:04) [GET]

ActionController::RoutingError (No route matches "/stylesheets/compiled/print.css" with {:method=>:get}):
  

Rendering rescues/layout (not_found)


Processing HomeController#about (for 127.0.0.1 at 2010-07-05 23:37:06) [GET]
Rendering template within layouts/default
Rendering home/about
Completed in 10ms (View: 9, DB: 0) | 200 OK [http://localhost/home/about]


Processing ApplicationController#index (for 127.0.0.1 at 2010-07-05 23:37:06) [GET]

ActionController::RoutingError (No route matches "/stylesheets/compiled/print.css" with {:method=>:get}):
  

Rendering rescues/layout (not_found)


Processing HomeController#about (for 127.0.0.1 at 2010-07-05 23:37:32) [GET]
Rendering template within layouts/default
Rendering home/about
Completed in 11ms (View: 9, DB: 0) | 200 OK [http://localhost/home/about]


Processing ApplicationController#index (for 127.0.0.1 at 2010-07-05 23:37:32) [GET]

ActionController::RoutingError (No route matches "/stylesheets/compiled/print.css" with {:method=>:get}):
  

Rendering rescues/layout (not_found)


Processing HomeController#registry (for 127.0.0.1 at 2010-07-05 23:37:37) [GET]
Rendering template within layouts/default
Rendering home/registry
Completed in 3ms (View: 2, DB: 0) | 200 OK [http://localhost/home/registry]


Processing ApplicationController#index (for 127.0.0.1 at 2010-07-05 23:37:37) [GET]

ActionController::RoutingError (No route matches "/stylesheets/compiled/print.css" with {:method=>:get}):
  

Rendering rescues/layout (not_found)


Processing HomeController#rsvp (for 127.0.0.1 at 2010-07-05 23:37:38) [GET]
Redirected to http://benkat.wufoo.com/forms/ben-and-kats-wedding-celebration/
Completed in 2ms (DB: 0) | 302 Found [http://localhost/home/rsvp]


Processing HomeController#index (for 127.0.0.1 at 2010-07-05 23:37:41) [GET]
Rendering template within layouts/default
Rendering home/index
Completed in 3ms (View: 2, DB: 0) | 200 OK [http://localhost/]


Processing ApplicationController#index (for 127.0.0.1 at 2010-07-05 23:37:41) [GET]

ActionController::RoutingError (No route matches "/stylesheets/compiled/print.css" with {:method=>:get}):
  

Rendering rescues/layout (not_found)


Processing HomeController#index (for 127.0.0.1 at 2010-07-05 23:39:01) [GET]
Rendering template within layouts/default
Rendering home/index
Completed in 4ms (View: 2, DB: 0) | 200 OK [http://localhost/]


Processing ApplicationController#index (for 127.0.0.1 at 2010-07-05 23:39:02) [GET]

ActionController::RoutingError (No route matches "/stylesheets/compiled/print.css" with {:method=>:get}):
  

Rendering rescues/layout (not_found)


Processing HomeController#rsvp (for 127.0.0.1 at 2010-07-05 23:39:04) [GET]
Rendering template within layouts/default
Rendering home/rsvp

ActionView::TemplateError (undefined local variable or method `height' for #<ActionView::Base:0x2606ed4>) on line #1 of app/views/home/rsvp.haml:
1: %iframe{:src=> 'http://benkat.wufoo.com/forms/ben-and-kats-wedding-celebration/', height=>'1000px', :width =>'400px'}

    app/views/home/rsvp.haml:1:in `_run_haml_app47views47home47rsvp46haml'
    haml (2.2.4) lib/haml/helpers/action_view_mods.rb:13:in `render'
    haml (2.2.4) lib/haml/helpers/action_view_mods.rb:13:in `render'
    haml (2.2.4) lib/sass/plugin/rails.rb:19:in `process_without_compass'
    compass (0.8.17) lib/compass/app_integration/rails/action_controller.rb:7:in `process'

Rendered rescues/_trace (136.2ms)
Rendered rescues/_request_and_response (2.2ms)
Rendering rescues/layout (internal_server_error)


Processing HomeController#rsvp (for 127.0.0.1 at 2010-07-05 23:39:14) [GET]
Rendering template within layouts/default
Rendering home/rsvp
Completed in 10ms (View: 8, DB: 0) | 200 OK [http://localhost/home/rsvp]


Processing ApplicationController#index (for 127.0.0.1 at 2010-07-05 23:39:14) [GET]

ActionController::RoutingError (No route matches "/stylesheets/compiled/print.css" with {:method=>:get}):
  

Rendering rescues/layout (not_found)


Processing HomeController#rsvp (for 127.0.0.1 at 2010-07-05 23:39:27) [GET]
Rendering template within layouts/default
Rendering home/rsvp
Completed in 9ms (View: 8, DB: 0) | 200 OK [http://localhost/home/rsvp]


Processing ApplicationController#index (for 127.0.0.1 at 2010-07-05 23:39:27) [GET]

ActionController::RoutingError (No route matches "/stylesheets/compiled/print.css" with {:method=>:get}):
  

Rendering rescues/layout (not_found)


Processing HomeController#index (for 127.0.0.1 at 2010-07-05 23:39:51) [GET]
Rendering template within layouts/default
Rendering home/index
Completed in 3ms (View: 2, DB: 0) | 200 OK [http://localhost/]


Processing ApplicationController#index (for 127.0.0.1 at 2010-07-05 23:39:52) [GET]

ActionController::RoutingError (No route matches "/stylesheets/compiled/print.css" with {:method=>:get}):
  

Rendering rescues/layout (not_found)


Processing HomeController#rsvp (for 127.0.0.1 at 2010-07-05 23:39:54) [GET]
Rendering template within layouts/default
Rendering home/rsvp
Completed in 4ms (View: 2, DB: 0) | 200 OK [http://localhost/home/rsvp]


Processing ApplicationController#index (for 127.0.0.1 at 2010-07-05 23:39:55) [GET]

ActionController::RoutingError (No route matches "/stylesheets/compiled/print.css" with {:method=>:get}):
  

Rendering rescues/layout (not_found)


Processing HomeController#index (for 127.0.0.1 at 2010-07-06 00:00:28) [GET]
Rendering template within layouts/default
Rendering home/index
Completed in 27ms (View: 25, DB: 0) | 200 OK [http://localhost/]


Processing ApplicationController#index (for 127.0.0.1 at 2010-07-06 00:00:28) [GET]

ActionController::RoutingError (No route matches "/stylesheets/compiled/print.css" with {:method=>:get}):
  

Rendering rescues/layout (not_found)


Processing ApplicationController#index (for 127.0.0.1 at 2010-07-06 00:00:30) [GET]

ActionController::RoutingError (No route matches "/images/sky/common/favicon.ico" with {:method=>:get}):
  

Rendering rescues/layout (not_found)


Processing HomeController#rsvp (for 127.0.0.1 at 2010-07-06 00:00:54) [GET]
Rendering template within layouts/default
Rendering home/rsvp
Completed in 8ms (View: 6, DB: 0) | 200 OK [http://localhost/home/rsvp]


Processing ApplicationController#index (for 127.0.0.1 at 2010-07-06 00:00:54) [GET]

ActionController::RoutingError (No route matches "/stylesheets/compiled/print.css" with {:method=>:get}):
  

Rendering rescues/layout (not_found)


Processing HomeController#registry (for 127.0.0.1 at 2010-07-06 00:00:56) [GET]
Rendering template within layouts/default
Rendering home/registry
Completed in 8ms (View: 6, DB: 0) | 200 OK [http://localhost/home/registry]


Processing ApplicationController#index (for 127.0.0.1 at 2010-07-06 00:00:56) [GET]

ActionController::RoutingError (No route matches "/stylesheets/compiled/print.css" with {:method=>:get}):
  

Rendering rescues/layout (not_found)


Processing HomeController#about (for 127.0.0.1 at 2010-07-06 00:00:58) [GET]
Rendering template within layouts/default
Rendering home/about
Completed in 10ms (View: 9, DB: 0) | 200 OK [http://localhost/home/about]


Processing ApplicationController#index (for 127.0.0.1 at 2010-07-06 00:00:58) [GET]

ActionController::RoutingError (No route matches "/stylesheets/compiled/print.css" with {:method=>:get}):
  

Rendering rescues/layout (not_found)


Processing HomeController#registry (for 127.0.0.1 at 2010-07-06 00:01:01) [GET]
Rendering template within layouts/default
Rendering home/registry
Completed in 4ms (View: 2, DB: 0) | 200 OK [http://localhost/home/registry]


Processing ApplicationController#index (for 127.0.0.1 at 2010-07-06 00:01:01) [GET]

ActionController::RoutingError (No route matches "/stylesheets/compiled/print.css" with {:method=>:get}):
  

Rendering rescues/layout (not_found)


Processing HomeController#rsvp (for 127.0.0.1 at 2010-07-06 00:01:02) [GET]
Rendering template within layouts/default
Rendering home/rsvp
Completed in 5ms (View: 2, DB: 0) | 200 OK [http://localhost/home/rsvp]


Processing ApplicationController#index (for 127.0.0.1 at 2010-07-06 00:01:02) [GET]

ActionController::RoutingError (No route matches "/stylesheets/compiled/print.css" with {:method=>:get}):
  

Rendering rescues/layout (not_found)


Processing HomeController#index (for 127.0.0.1 at 2010-07-06 00:01:04) [GET]
Rendering template within layouts/default
Rendering home/index
Completed in 5ms (View: 2, DB: 0) | 200 OK [http://localhost/]


Processing ApplicationController#index (for 127.0.0.1 at 2010-07-06 00:01:04) [GET]

ActionController::RoutingError (No route matches "/stylesheets/compiled/print.css" with {:method=>:get}):
  

Rendering rescues/layout (not_found)


Processing HomeController#rsvp (for 127.0.0.1 at 2010-07-06 00:01:13) [GET]
Rendering template within layouts/default
Rendering home/rsvp
Completed in 4ms (View: 2, DB: 0) | 200 OK [http://localhost/home/rsvp]


Processing ApplicationController#index (for 127.0.0.1 at 2010-07-06 00:01:13) [GET]

ActionController::RoutingError (No route matches "/stylesheets/compiled/print.css" with {:method=>:get}):
  

Rendering rescues/layout (not_found)


Processing HomeController#registry (for 127.0.0.1 at 2010-07-06 00:01:14) [GET]
Rendering template within layouts/default
Rendering home/registry
Completed in 4ms (View: 2, DB: 0) | 200 OK [http://localhost/home/registry]


Processing ApplicationController#index (for 127.0.0.1 at 2010-07-06 00:01:15) [GET]

ActionController::RoutingError (No route matches "/stylesheets/compiled/print.css" with {:method=>:get}):
  

Rendering rescues/layout (not_found)


Processing HomeController#about (for 127.0.0.1 at 2010-07-06 00:01:16) [GET]
Rendering template within layouts/default
Rendering home/about
Completed in 4ms (View: 2, DB: 0) | 200 OK [http://localhost/home/about]


Processing ApplicationController#index (for 127.0.0.1 at 2010-07-06 00:01:16) [GET]

ActionController::RoutingError (No route matches "/stylesheets/compiled/print.css" with {:method=>:get}):
  

Rendering rescues/layout (not_found)


Processing HomeController#registry (for 127.0.0.1 at 2010-07-06 00:01:27) [GET]
Rendering template within layouts/default
Rendering home/registry
Completed in 3ms (View: 2, DB: 0) | 200 OK [http://localhost/home/registry]


Processing ApplicationController#index (for 127.0.0.1 at 2010-07-06 00:01:27) [GET]

ActionController::RoutingError (No route matches "/stylesheets/compiled/print.css" with {:method=>:get}):
  

Rendering rescues/layout (not_found)


Processing HomeController#rsvp (for 127.0.0.1 at 2010-07-06 00:01:28) [GET]
Rendering template within layouts/default
Rendering home/rsvp
Completed in 3ms (View: 2, DB: 0) | 200 OK [http://localhost/home/rsvp]


Processing ApplicationController#index (for 127.0.0.1 at 2010-07-06 00:01:28) [GET]

ActionController::RoutingError (No route matches "/stylesheets/compiled/print.css" with {:method=>:get}):
  

Rendering rescues/layout (not_found)


Processing HomeController#index (for 127.0.0.1 at 2010-07-06 00:01:30) [GET]
Rendering template within layouts/default
Rendering home/index
Completed in 4ms (View: 2, DB: 0) | 200 OK [http://localhost/]


Processing ApplicationController#index (for 127.0.0.1 at 2010-07-06 00:01:30) [GET]

ActionController::RoutingError (No route matches "/stylesheets/compiled/print.css" with {:method=>:get}):
  

Rendering rescues/layout (not_found)


Processing HomeController#rsvp (for 127.0.0.1 at 2010-07-06 00:02:37) [GET]
Rendering template within layouts/default
Rendering home/rsvp
Completed in 14ms (View: 12, DB: 0) | 200 OK [http://localhost/home/rsvp]


Processing ApplicationController#index (for 127.0.0.1 at 2010-07-06 00:02:37) [GET]

ActionController::RoutingError (No route matches "/stylesheets/compiled/print.css" with {:method=>:get}):
  

Rendering rescues/layout (not_found)


Processing HomeController#rsvp (for 127.0.0.1 at 2010-07-06 00:02:49) [GET]
Rendering template within layouts/default
Rendering home/rsvp
Completed in 13ms (View: 12, DB: 0) | 200 OK [http://localhost/home/rsvp]


Processing ApplicationController#index (for 127.0.0.1 at 2010-07-06 00:02:49) [GET]

ActionController::RoutingError (No route matches "/stylesheets/compiled/print.css" with {:method=>:get}):
  

Rendering rescues/layout (not_found)


Processing HomeController#rsvp (for 127.0.0.1 at 2010-07-06 00:03:12) [GET]
Rendering template within layouts/default
Rendering home/rsvp
Completed in 4ms (View: 2, DB: 0) | 200 OK [http://localhost/home/rsvp]


Processing ApplicationController#index (for 127.0.0.1 at 2010-07-06 00:03:12) [GET]

ActionController::RoutingError (No route matches "/stylesheets/compiled/print.css" with {:method=>:get}):
  

Rendering rescues/layout (not_found)


Processing HomeController#rsvp (for 127.0.0.1 at 2010-07-06 00:03:37) [GET]
Rendering template within layouts/default
Rendering home/rsvp
Completed in 3ms (View: 2, DB: 0) | 200 OK [http://localhost/home/rsvp]


Processing ApplicationController#index (for 127.0.0.1 at 2010-07-06 00:03:38) [GET]

ActionController::RoutingError (No route matches "/stylesheets/compiled/print.css" with {:method=>:get}):
  

Rendering rescues/layout (not_found)


Processing HomeController#rsvp (for 127.0.0.1 at 2010-07-06 00:03:51) [GET]
Rendering template within layouts/default
Rendering home/rsvp
Completed in 3ms (View: 2, DB: 0) | 200 OK [http://localhost/home/rsvp]


Processing ApplicationController#index (for 127.0.0.1 at 2010-07-06 00:03:51) [GET]

ActionController::RoutingError (No route matches "/stylesheets/compiled/print.css" with {:method=>:get}):
  

Rendering rescues/layout (not_found)


Processing HomeController#rsvp (for 127.0.0.1 at 2010-07-06 00:04:04) [GET]
Rendering template within layouts/default
Rendering home/rsvp
Completed in 4ms (View: 2, DB: 0) | 200 OK [http://localhost/home/rsvp]


Processing ApplicationController#index (for 127.0.0.1 at 2010-07-06 00:04:04) [GET]

ActionController::RoutingError (No route matches "/stylesheets/compiled/print.css" with {:method=>:get}):
  

Rendering rescues/layout (not_found)


Processing HomeController#rsvp (for 127.0.0.1 at 2010-07-06 00:04:32) [GET]
Rendering template within layouts/default
Rendering home/rsvp
Completed in 4ms (View: 2, DB: 0) | 200 OK [http://localhost/home/rsvp]


Processing ApplicationController#index (for 127.0.0.1 at 2010-07-06 00:04:32) [GET]

ActionController::RoutingError (No route matches "/stylesheets/compiled/print.css" with {:method=>:get}):
  

Rendering rescues/layout (not_found)


Processing HomeController#rsvp (for 127.0.0.1 at 2010-07-06 00:04:51) [GET]
Rendering template within layouts/default
Rendering home/rsvp
Completed in 4ms (View: 2, DB: 0) | 200 OK [http://localhost/home/rsvp]


Processing ApplicationController#index (for 127.0.0.1 at 2010-07-06 00:04:51) [GET]

ActionController::RoutingError (No route matches "/stylesheets/compiled/print.css" with {:method=>:get}):
  

Rendering rescues/layout (not_found)


Processing HomeController#registry (for 127.0.0.1 at 2010-07-06 00:05:06) [GET]
Rendering template within layouts/default
Rendering home/registry
Completed in 3ms (View: 2, DB: 0) | 200 OK [http://localhost/home/registry]


Processing ApplicationController#index (for 127.0.0.1 at 2010-07-06 00:05:06) [GET]

ActionController::RoutingError (No route matches "/stylesheets/compiled/print.css" with {:method=>:get}):
  

Rendering rescues/layout (not_found)


Processing HomeController#index (for 127.0.0.1 at 2010-07-06 00:05:07) [GET]
Rendering template within layouts/default
Rendering home/index
Completed in 3ms (View: 2, DB: 0) | 200 OK [http://localhost/]


Processing ApplicationController#index (for 127.0.0.1 at 2010-07-06 00:05:07) [GET]

ActionController::RoutingError (No route matches "/stylesheets/compiled/print.css" with {:method=>:get}):
  

Rendering rescues/layout (not_found)


Processing HomeController#registry (for 127.0.0.1 at 2010-07-06 00:05:09) [GET]
Rendering template within layouts/default
Rendering home/registry
Completed in 6ms (View: 2, DB: 0) | 200 OK [http://localhost/home/registry]


Processing ApplicationController#index (for 127.0.0.1 at 2010-07-06 00:05:09) [GET]

ActionController::RoutingError (No route matches "/stylesheets/compiled/print.css" with {:method=>:get}):
  

Rendering rescues/layout (not_found)


Processing HomeController#rsvp (for 127.0.0.1 at 2010-07-06 00:05:10) [GET]
Rendering template within layouts/default
Rendering home/rsvp
Completed in 3ms (View: 2, DB: 0) | 200 OK [http://localhost/home/rsvp]


Processing ApplicationController#index (for 127.0.0.1 at 2010-07-06 00:05:10) [GET]

ActionController::RoutingError (No route matches "/stylesheets/compiled/print.css" with {:method=>:get}):
  

Rendering rescues/layout (not_found)


Processing HomeController#index (for 127.0.0.1 at 2010-07-06 00:05:18) [GET]
Rendering template within layouts/default
Rendering home/index
Completed in 4ms (View: 2, DB: 0) | 200 OK [http://localhost/]


Processing ApplicationController#index (for 127.0.0.1 at 2010-07-06 00:05:18) [GET]

ActionController::RoutingError (No route matches "/stylesheets/compiled/print.css" with {:method=>:get}):
  

Rendering rescues/layout (not_found)


Processing HomeController#about (for 127.0.0.1 at 2010-07-06 00:05:20) [GET]
Rendering template within layouts/default
Rendering home/about
Completed in 4ms (View: 2, DB: 0) | 200 OK [http://localhost/home/about]


Processing ApplicationController#index (for 127.0.0.1 at 2010-07-06 00:05:20) [GET]

ActionController::RoutingError (No route matches "/stylesheets/compiled/print.css" with {:method=>:get}):
  

Rendering rescues/layout (not_found)


Processing HomeController#about (for 127.0.0.1 at 2010-07-06 00:05:35) [GET]
Rendering template within layouts/default
Rendering home/about
Completed in 5ms (View: 2, DB: 0) | 200 OK [http://localhost/home/about]


Processing ApplicationController#index (for 127.0.0.1 at 2010-07-06 00:05:35) [GET]

ActionController::RoutingError (No route matches "/stylesheets/compiled/print.css" with {:method=>:get}):
  

Rendering rescues/layout (not_found)


Processing HomeController#about (for 127.0.0.1 at 2010-07-06 00:06:16) [GET]
Rendering template within layouts/default
Rendering home/about
Completed in 4ms (View: 2, DB: 0) | 200 OK [http://localhost/home/about]


Processing ApplicationController#index (for 127.0.0.1 at 2010-07-06 00:06:16) [GET]

ActionController::RoutingError (No route matches "/stylesheets/compiled/print.css" with {:method=>:get}):
  

Rendering rescues/layout (not_found)


Processing HomeController#about (for 127.0.0.1 at 2010-07-06 00:06:38) [GET]
Rendering template within layouts/default
Rendering home/about
Completed in 13ms (View: 11, DB: 0) | 200 OK [http://localhost/home/about]


Processing ApplicationController#index (for 127.0.0.1 at 2010-07-06 00:06:38) [GET]

ActionController::RoutingError (No route matches "/stylesheets/compiled/print.css" with {:method=>:get}):
  

Rendering rescues/layout (not_found)


Processing HomeController#about (for 127.0.0.1 at 2010-07-06 00:07:18) [GET]
Rendering template within layouts/default
Rendering home/about
Completed in 3ms (View: 2, DB: 0) | 200 OK [http://localhost/home/about]


Processing ApplicationController#index (for 127.0.0.1 at 2010-07-06 00:07:18) [GET]

ActionController::RoutingError (No route matches "/stylesheets/compiled/print.css" with {:method=>:get}):
  

Rendering rescues/layout (not_found)


Processing HomeController#about (for 127.0.0.1 at 2010-07-06 00:07:43) [GET]
Rendering template within layouts/default
Rendering home/about
Completed in 3ms (View: 2, DB: 0) | 200 OK [http://localhost/home/about]


Processing ApplicationController#index (for 127.0.0.1 at 2010-07-06 00:07:43) [GET]

ActionController::RoutingError (No route matches "/stylesheets/compiled/print.css" with {:method=>:get}):
  

Rendering rescues/layout (not_found)


Processing HomeController#about (for 127.0.0.1 at 2010-07-06 00:07:55) [GET]
Rendering template within layouts/default
Rendering home/about
Completed in 3ms (View: 2, DB: 0) | 200 OK [http://localhost/home/about]


Processing ApplicationController#index (for 127.0.0.1 at 2010-07-06 00:07:55) [GET]

ActionController::RoutingError (No route matches "/stylesheets/compiled/print.css" with {:method=>:get}):
  

Rendering rescues/layout (not_found)


Processing HomeController#about (for 127.0.0.1 at 2010-07-06 00:08:16) [GET]
Rendering template within layouts/default
Rendering home/about
Completed in 3ms (View: 2, DB: 0) | 200 OK [http://localhost/home/about]


Processing ApplicationController#index (for 127.0.0.1 at 2010-07-06 00:08:16) [GET]

ActionController::RoutingError (No route matches "/stylesheets/compiled/print.css" with {:method=>:get}):
  

Rendering rescues/layout (not_found)


Processing HomeController#about (for 127.0.0.1 at 2010-07-06 00:08:29) [GET]
Rendering template within layouts/default
Rendering home/about
Completed in 3ms (View: 2, DB: 0) | 200 OK [http://localhost/home/about]


Processing ApplicationController#index (for 127.0.0.1 at 2010-07-06 00:08:29) [GET]

ActionController::RoutingError (No route matches "/stylesheets/compiled/print.css" with {:method=>:get}):
  

Rendering rescues/layout (not_found)


Processing HomeController#about (for 127.0.0.1 at 2010-07-06 00:09:54) [GET]
Rendering template within layouts/default
Rendering home/about
Completed in 28ms (View: 26, DB: 0) | 200 OK [http://localhost/home/about]


Processing ApplicationController#index (for 127.0.0.1 at 2010-07-06 00:09:54) [GET]

ActionController::RoutingError (No route matches "/stylesheets/compiled/print.css" with {:method=>:get}):
  

Rendering rescues/layout (not_found)


Processing HomeController#about (for 127.0.0.1 at 2010-07-06 00:09:57) [GET]
Rendering template within layouts/default
Rendering home/about
Completed in 3ms (View: 2, DB: 0) | 200 OK [http://localhost/home/about]


Processing ApplicationController#index (for 127.0.0.1 at 2010-07-06 00:09:57) [GET]

ActionController::RoutingError (No route matches "/stylesheets/compiled/print.css" with {:method=>:get}):
  

Rendering rescues/layout (not_found)


Processing HomeController#about (for 127.0.0.1 at 2010-07-06 00:10:12) [GET]
Rendering template within layouts/default
Rendering home/about
Completed in 24ms (View: 21, DB: 0) | 200 OK [http://localhost/home/about]


Processing ApplicationController#index (for 127.0.0.1 at 2010-07-06 00:10:12) [GET]

ActionController::RoutingError (No route matches "/stylesheets/compiled/print.css" with {:method=>:get}):
  

Rendering rescues/layout (not_found)


Processing HomeController#about (for 127.0.0.1 at 2010-07-06 00:10:27) [GET]
Rendering template within layouts/default
Rendering home/about
Completed in 3ms (View: 2, DB: 0) | 200 OK [http://localhost/home/about]


Processing ApplicationController#index (for 127.0.0.1 at 2010-07-06 00:10:27) [GET]

ActionController::RoutingError (No route matches "/stylesheets/compiled/print.css" with {:method=>:get}):
  

Rendering rescues/layout (not_found)


Processing HomeController#about (for 127.0.0.1 at 2010-07-06 00:10:33) [GET]
Rendering template within layouts/default
Rendering home/about
Completed in 3ms (View: 2, DB: 0) | 200 OK [http://localhost/home/about]


Processing ApplicationController#index (for 127.0.0.1 at 2010-07-06 00:10:34) [GET]

ActionController::RoutingError (No route matches "/stylesheets/compiled/print.css" with {:method=>:get}):
  

Rendering rescues/layout (not_found)


Processing HomeController#about (for 127.0.0.1 at 2010-07-06 00:11:02) [GET]
Rendering template within layouts/default
Rendering home/about
Completed in 4ms (View: 2, DB: 0) | 200 OK [http://localhost/home/about]


Processing ApplicationController#index (for 127.0.0.1 at 2010-07-06 00:11:03) [GET]

ActionController::RoutingError (No route matches "/stylesheets/compiled/print.css" with {:method=>:get}):
  

Rendering rescues/layout (not_found)


Processing HomeController#about (for 127.0.0.1 at 2010-07-06 00:12:47) [GET]
Rendering template within layouts/default
Rendering home/about
Completed in 13ms (View: 11, DB: 0) | 200 OK [http://localhost/home/about]


Processing ApplicationController#index (for 127.0.0.1 at 2010-07-06 00:12:47) [GET]

ActionController::RoutingError (No route matches "/stylesheets/compiled/print.css" with {:method=>:get}):
  

Rendering rescues/layout (not_found)


Processing HomeController#about (for 127.0.0.1 at 2010-07-06 00:13:08) [GET]
Rendering template within layouts/default
Rendering home/about
Completed in 4ms (View: 2, DB: 0) | 200 OK [http://localhost/home/about]


Processing ApplicationController#index (for 127.0.0.1 at 2010-07-06 00:13:09) [GET]

ActionController::RoutingError (No route matches "/stylesheets/compiled/print.css" with {:method=>:get}):
  

Rendering rescues/layout (not_found)


Processing HomeController#about (for 127.0.0.1 at 2010-07-06 00:13:15) [GET]
Rendering template within layouts/default
Rendering home/about
Completed in 3ms (View: 2, DB: 0) | 200 OK [http://localhost/home/about]


Processing ApplicationController#index (for 127.0.0.1 at 2010-07-06 00:13:15) [GET]

ActionController::RoutingError (No route matches "/stylesheets/compiled/print.css" with {:method=>:get}):
  

Rendering rescues/layout (not_found)


Processing HomeController#registry (for 127.0.0.1 at 2010-07-06 00:13:29) [GET]
Rendering template within layouts/default
Rendering home/registry
Completed in 3ms (View: 2, DB: 0) | 200 OK [http://localhost/home/registry]


Processing ApplicationController#index (for 127.0.0.1 at 2010-07-06 00:13:29) [GET]

ActionController::RoutingError (No route matches "/stylesheets/compiled/print.css" with {:method=>:get}):
  

Rendering rescues/layout (not_found)


Processing HomeController#index (for 127.0.0.1 at 2010-07-06 00:13:30) [GET]
Rendering template within layouts/default
Rendering home/index
Completed in 4ms (View: 2, DB: 0) | 200 OK [http://localhost/]


Processing ApplicationController#index (for 127.0.0.1 at 2010-07-06 00:13:30) [GET]

ActionController::RoutingError (No route matches "/stylesheets/compiled/print.css" with {:method=>:get}):
  

Rendering rescues/layout (not_found)


Processing HomeController#index (for 127.0.0.1 at 2010-07-06 00:14:53) [GET]
Rendering template within layouts/default
Rendering home/index
Completed in 26ms (View: 25, DB: 0) | 200 OK [http://localhost/]


Processing ApplicationController#index (for 127.0.0.1 at 2010-07-06 00:14:53) [GET]

ActionController::RoutingError (No route matches "/stylesheets/compiled/print.css" with {:method=>:get}):
  

Rendering rescues/layout (not_found)


Processing HomeController#index (for 127.0.0.1 at 2010-07-06 00:15:13) [GET]
Rendering template within layouts/default
Rendering home/index
Completed in 30ms (View: 29, DB: 0) | 200 OK [http://localhost/]


Processing ApplicationController#index (for 127.0.0.1 at 2010-07-06 00:15:13) [GET]

ActionController::RoutingError (No route matches "/stylesheets/compiled/print.css" with {:method=>:get}):
  

Rendering rescues/layout (not_found)


Processing HomeController#index (for 127.0.0.1 at 2010-07-06 00:15:31) [GET]
Rendering template within layouts/default
Rendering home/index
Completed in 4ms (View: 2, DB: 0) | 200 OK [http://localhost/]


Processing ApplicationController#index (for 127.0.0.1 at 2010-07-06 00:15:31) [GET]

ActionController::RoutingError (No route matches "/stylesheets/compiled/print.css" with {:method=>:get}):
  

Rendering rescues/layout (not_found)


Processing HomeController#index (for 127.0.0.1 at 2010-07-06 00:15:43) [GET]
Rendering template within layouts/default
Rendering home/index
Completed in 4ms (View: 2, DB: 0) | 200 OK [http://localhost/]


Processing ApplicationController#index (for 127.0.0.1 at 2010-07-06 00:15:43) [GET]

ActionController::RoutingError (No route matches "/stylesheets/compiled/print.css" with {:method=>:get}):
  

Rendering rescues/layout (not_found)


Processing HomeController#index (for 127.0.0.1 at 2010-07-06 00:15:57) [GET]
Rendering template within layouts/default
Rendering home/index
Completed in 3ms (View: 2, DB: 0) | 200 OK [http://localhost/]


Processing ApplicationController#index (for 127.0.0.1 at 2010-07-06 00:15:58) [GET]

ActionController::RoutingError (No route matches "/stylesheets/compiled/print.css" with {:method=>:get}):
  

Rendering rescues/layout (not_found)


Processing HomeController#index (for 127.0.0.1 at 2010-07-06 00:16:08) [GET]
Rendering template within layouts/default
Rendering home/index
Completed in 3ms (View: 2, DB: 0) | 200 OK [http://localhost/]


Processing ApplicationController#index (for 127.0.0.1 at 2010-07-06 00:16:09) [GET]

ActionController::RoutingError (No route matches "/stylesheets/compiled/print.css" with {:method=>:get}):
  

Rendering rescues/layout (not_found)


Processing HomeController#index (for 127.0.0.1 at 2010-07-06 00:16:19) [GET]
Rendering template within layouts/default
Rendering home/index
Completed in 3ms (View: 2, DB: 0) | 200 OK [http://localhost/]


Processing ApplicationController#index (for 127.0.0.1 at 2010-07-06 00:16:20) [GET]

ActionController::RoutingError (No route matches "/stylesheets/compiled/print.css" with {:method=>:get}):
  

Rendering rescues/layout (not_found)


Processing HomeController#index (for 127.0.0.1 at 2010-07-06 00:16:45) [GET]
Rendering template within layouts/default
Rendering home/index
Completed in 3ms (View: 2, DB: 0) | 200 OK [http://localhost/]


Processing ApplicationController#index (for 127.0.0.1 at 2010-07-06 00:16:46) [GET]

ActionController::RoutingError (No route matches "/stylesheets/compiled/print.css" with {:method=>:get}):
  

Rendering rescues/layout (not_found)


Processing HomeController#index (for 127.0.0.1 at 2010-07-06 00:18:27) [GET]
Rendering template within layouts/default
Rendering home/index
Completed in 29ms (View: 27, DB: 0) | 200 OK [http://localhost/]


Processing ApplicationController#index (for 127.0.0.1 at 2010-07-06 00:18:27) [GET]

ActionController::RoutingError (No route matches "/stylesheets/compiled/print.css" with {:method=>:get}):
  

Rendering rescues/layout (not_found)


Processing HomeController#index (for 127.0.0.1 at 2010-07-06 00:19:11) [GET]
Rendering template within layouts/default
Rendering home/index
Completed in 5ms (View: 3, DB: 0) | 200 OK [http://localhost/]


Processing ApplicationController#index (for 127.0.0.1 at 2010-07-06 00:19:11) [GET]

ActionController::RoutingError (No route matches "/stylesheets/compiled/print.css" with {:method=>:get}):
  

Rendering rescues/layout (not_found)


Processing HomeController#index (for 127.0.0.1 at 2010-07-06 00:19:28) [GET]
Rendering template within layouts/default
Rendering home/index
Completed in 4ms (View: 2, DB: 0) | 200 OK [http://localhost/]


Processing ApplicationController#index (for 127.0.0.1 at 2010-07-06 00:19:28) [GET]

ActionController::RoutingError (No route matches "/stylesheets/compiled/print.css" with {:method=>:get}):
  

Rendering rescues/layout (not_found)


Processing HomeController#index (for 127.0.0.1 at 2010-07-06 00:19:43) [GET]
Rendering template within layouts/default
Rendering home/index
Completed in 5ms (View: 2, DB: 0) | 200 OK [http://localhost/]


Processing ApplicationController#index (for 127.0.0.1 at 2010-07-06 00:19:43) [GET]

ActionController::RoutingError (No route matches "/stylesheets/compiled/print.css" with {:method=>:get}):
  

Rendering rescues/layout (not_found)


Processing HomeController#index (for 127.0.0.1 at 2010-07-06 00:20:04) [GET]
Rendering template within layouts/default
Rendering home/index
Completed in 4ms (View: 2, DB: 0) | 200 OK [http://localhost/]


Processing ApplicationController#index (for 127.0.0.1 at 2010-07-06 00:20:04) [GET]

ActionController::RoutingError (No route matches "/stylesheets/compiled/print.css" with {:method=>:get}):
  

Rendering rescues/layout (not_found)


Processing HomeController#index (for 127.0.0.1 at 2010-07-06 00:20:13) [GET]
Rendering template within layouts/default
Rendering home/index
Completed in 4ms (View: 2, DB: 0) | 200 OK [http://localhost/]


Processing ApplicationController#index (for 127.0.0.1 at 2010-07-06 00:20:14) [GET]

ActionController::RoutingError (No route matches "/stylesheets/compiled/print.css" with {:method=>:get}):
  

Rendering rescues/layout (not_found)


Processing HomeController#registry (for 127.0.0.1 at 2010-07-06 00:20:54) [GET]
Rendering template within layouts/default
Rendering home/registry
Completed in 3ms (View: 2, DB: 0) | 200 OK [http://localhost/home/registry]


Processing ApplicationController#index (for 127.0.0.1 at 2010-07-06 00:20:54) [GET]

ActionController::RoutingError (No route matches "/stylesheets/compiled/print.css" with {:method=>:get}):
  

Rendering rescues/layout (not_found)


Processing HomeController#rsvp (for 127.0.0.1 at 2010-07-06 00:20:55) [GET]
Rendering template within layouts/default
Rendering home/rsvp
Completed in 3ms (View: 2, DB: 0) | 200 OK [http://localhost/home/rsvp]


Processing ApplicationController#index (for 127.0.0.1 at 2010-07-06 00:20:56) [GET]

ActionController::RoutingError (No route matches "/stylesheets/compiled/print.css" with {:method=>:get}):
  

Rendering rescues/layout (not_found)


Processing HomeController#index (for 127.0.0.1 at 2010-07-06 00:20:57) [GET]
Rendering template within layouts/default
Rendering home/index
Completed in 3ms (View: 2, DB: 0) | 200 OK [http://localhost/]


Processing ApplicationController#index (for 127.0.0.1 at 2010-07-06 00:20:57) [GET]

ActionController::RoutingError (No route matches "/stylesheets/compiled/print.css" with {:method=>:get}):
  

Rendering rescues/layout (not_found)


Processing HomeController#about (for 127.0.0.1 at 2010-07-06 00:21:06) [GET]
Rendering template within layouts/default
Rendering home/about
Completed in 14ms (View: 11, DB: 0) | 200 OK [http://localhost/home/about]


Processing ApplicationController#index (for 127.0.0.1 at 2010-07-06 00:21:06) [GET]

ActionController::RoutingError (No route matches "/stylesheets/compiled/print.css" with {:method=>:get}):
  

Rendering rescues/layout (not_found)


Processing HomeController#rsvp (for 127.0.0.1 at 2010-07-06 00:21:10) [GET]
Rendering template within layouts/default
Rendering home/rsvp
Completed in 3ms (View: 2, DB: 0) | 200 OK [http://localhost/home/rsvp]


Processing ApplicationController#index (for 127.0.0.1 at 2010-07-06 00:21:11) [GET]

ActionController::RoutingError (No route matches "/stylesheets/compiled/print.css" with {:method=>:get}):
  

Rendering rescues/layout (not_found)


Processing HomeController#index (for 127.0.0.1 at 2010-07-06 00:21:12) [GET]
Rendering template within layouts/default
Rendering home/index
Completed in 4ms (View: 2, DB: 0) | 200 OK [http://localhost/]


Processing ApplicationController#index (for 127.0.0.1 at 2010-07-06 00:21:12) [GET]

ActionController::RoutingError (No route matches "/stylesheets/compiled/print.css" with {:method=>:get}):
  

Rendering rescues/layout (not_found)


Processing HomeController#index (for 127.0.0.1 at 2010-07-06 00:21:30) [GET]
Rendering template within layouts/default
Rendering home/index
Completed in 3ms (View: 2, DB: 0) | 200 OK [http://localhost/]


Processing ApplicationController#index (for 127.0.0.1 at 2010-07-06 00:21:30) [GET]

ActionController::RoutingError (No route matches "/stylesheets/compiled/print.css" with {:method=>:get}):
  

Rendering rescues/layout (not_found)


Processing HomeController#index (for 127.0.0.1 at 2010-07-06 00:21:38) [GET]
Rendering template within layouts/default
Rendering home/index
Completed in 4ms (View: 2, DB: 0) | 200 OK [http://localhost/]


Processing ApplicationController#index (for 127.0.0.1 at 2010-07-06 00:21:38) [GET]

ActionController::RoutingError (No route matches "/stylesheets/compiled/print.css" with {:method=>:get}):
  

Rendering rescues/layout (not_found)


Processing HomeController#index (for 127.0.0.1 at 2010-07-06 00:21:47) [GET]
Rendering template within layouts/default
Rendering home/index
Completed in 3ms (View: 2, DB: 0) | 200 OK [http://localhost/]


Processing ApplicationController#index (for 127.0.0.1 at 2010-07-06 00:21:47) [GET]

ActionController::RoutingError (No route matches "/stylesheets/compiled/print.css" with {:method=>:get}):
  

Rendering rescues/layout (not_found)


Processing HomeController#about (for 127.0.0.1 at 2010-07-06 00:21:56) [GET]
Rendering template within layouts/default
Rendering home/about
Completed in 4ms (View: 2, DB: 0) | 200 OK [http://localhost/home/about]


Processing ApplicationController#index (for 127.0.0.1 at 2010-07-06 00:21:56) [GET]

ActionController::RoutingError (No route matches "/stylesheets/compiled/print.css" with {:method=>:get}):
  

Rendering rescues/layout (not_found)


Processing HomeController#registry (for 127.0.0.1 at 2010-07-06 00:21:58) [GET]
Rendering template within layouts/default
Rendering home/registry
Completed in 3ms (View: 2, DB: 0) | 200 OK [http://localhost/home/registry]


Processing ApplicationController#index (for 127.0.0.1 at 2010-07-06 00:21:58) [GET]

ActionController::RoutingError (No route matches "/stylesheets/compiled/print.css" with {:method=>:get}):
  

Rendering rescues/layout (not_found)


Processing HomeController#rsvp (for 127.0.0.1 at 2010-07-06 00:21:59) [GET]
Rendering template within layouts/default
Rendering home/rsvp
Completed in 4ms (View: 2, DB: 0) | 200 OK [http://localhost/home/rsvp]


Processing ApplicationController#index (for 127.0.0.1 at 2010-07-06 00:21:59) [GET]

ActionController::RoutingError (No route matches "/stylesheets/compiled/print.css" with {:method=>:get}):
  

Rendering rescues/layout (not_found)


Processing HomeController#index (for 127.0.0.1 at 2010-07-06 00:22:06) [GET]
Rendering template within layouts/default
Rendering home/index
Completed in 5ms (View: 4, DB: 0) | 200 OK [http://localhost/]


Processing ApplicationController#index (for 127.0.0.1 at 2010-07-06 00:22:06) [GET]

ActionController::RoutingError (No route matches "/stylesheets/compiled/print.css" with {:method=>:get}):
  

Rendering rescues/layout (not_found)


Processing HomeController#index (for 127.0.0.1 at 2010-07-06 00:22:21) [GET]
Rendering template within layouts/default
Rendering home/index
Completed in 3ms (View: 2, DB: 0) | 200 OK [http://localhost/]


Processing ApplicationController#index (for 127.0.0.1 at 2010-07-06 00:22:21) [GET]

ActionController::RoutingError (No route matches "/stylesheets/compiled/print.css" with {:method=>:get}):
  

Rendering rescues/layout (not_found)


Processing HomeController#rsvp (for 127.0.0.1 at 2010-07-06 00:22:23) [GET]
Rendering template within layouts/default
Rendering home/rsvp
Completed in 9ms (View: 8, DB: 0) | 200 OK [http://localhost/home/rsvp]


Processing ApplicationController#index (for 127.0.0.1 at 2010-07-06 00:22:24) [GET]

ActionController::RoutingError (No route matches "/stylesheets/compiled/print.css" with {:method=>:get}):
  

Rendering rescues/layout (not_found)


Processing HomeController#index (for 127.0.0.1 at 2010-07-06 00:22:38) [GET]
Rendering template within layouts/default
Rendering home/index
Completed in 4ms (View: 2, DB: 0) | 200 OK [http://localhost/]


Processing ApplicationController#index (for 127.0.0.1 at 2010-07-06 00:22:38) [GET]

ActionController::RoutingError (No route matches "/stylesheets/compiled/print.css" with {:method=>:get}):
  

Rendering rescues/layout (not_found)


Processing HomeController#rsvp (for 127.0.0.1 at 2010-07-06 00:22:40) [GET]
Rendering template within layouts/default
Rendering home/rsvp
Completed in 3ms (View: 2, DB: 0) | 200 OK [http://localhost/home/rsvp]


Processing ApplicationController#index (for 127.0.0.1 at 2010-07-06 00:22:41) [GET]

ActionController::RoutingError (No route matches "/stylesheets/compiled/print.css" with {:method=>:get}):
  

Rendering rescues/layout (not_found)


Processing HomeController#registry (for 127.0.0.1 at 2010-07-06 00:22:48) [GET]
Rendering template within layouts/default
Rendering home/registry
Completed in 3ms (View: 2, DB: 0) | 200 OK [http://localhost/home/registry]


Processing ApplicationController#index (for 127.0.0.1 at 2010-07-06 00:22:49) [GET]

ActionController::RoutingError (No route matches "/stylesheets/compiled/print.css" with {:method=>:get}):
  

Rendering rescues/layout (not_found)


Processing HomeController#rsvp (for 127.0.0.1 at 2010-07-06 00:22:50) [GET]
Rendering template within layouts/default
Rendering home/rsvp
Completed in 3ms (View: 2, DB: 0) | 200 OK [http://localhost/home/rsvp]


Processing ApplicationController#index (for 127.0.0.1 at 2010-07-06 00:22:50) [GET]

ActionController::RoutingError (No route matches "/stylesheets/compiled/print.css" with {:method=>:get}):
  

Rendering rescues/layout (not_found)


Processing HomeController#registry (for 127.0.0.1 at 2010-07-06 00:22:52) [GET]
Rendering template within layouts/default
Rendering home/registry
Completed in 3ms (View: 2, DB: 0) | 200 OK [http://localhost/home/registry]


Processing ApplicationController#index (for 127.0.0.1 at 2010-07-06 00:22:52) [GET]

ActionController::RoutingError (No route matches "/stylesheets/compiled/print.css" with {:method=>:get}):
  

Rendering rescues/layout (not_found)


Processing HomeController#rsvp (for 127.0.0.1 at 2010-07-06 00:22:53) [GET]
Rendering template within layouts/default
Rendering home/rsvp
Completed in 3ms (View: 2, DB: 0) | 200 OK [http://localhost/home/rsvp]


Processing ApplicationController#index (for 127.0.0.1 at 2010-07-06 00:22:53) [GET]

ActionController::RoutingError (No route matches "/stylesheets/compiled/print.css" with {:method=>:get}):
  

Rendering rescues/layout (not_found)


Processing HomeController#registry (for 127.0.0.1 at 2010-07-06 00:23:01) [GET]
Rendering template within layouts/default
Rendering home/registry
Completed in 3ms (View: 2, DB: 0) | 200 OK [http://localhost/home/registry]


Processing ApplicationController#index (for 127.0.0.1 at 2010-07-06 00:23:01) [GET]

ActionController::RoutingError (No route matches "/stylesheets/compiled/print.css" with {:method=>:get}):
  

Rendering rescues/layout (not_found)


Processing HomeController#rsvp (for 127.0.0.1 at 2010-07-06 00:23:02) [GET]
Rendering template within layouts/default
Rendering home/rsvp
Completed in 3ms (View: 2, DB: 0) | 200 OK [http://localhost/home/rsvp]


Processing ApplicationController#index (for 127.0.0.1 at 2010-07-06 00:23:02) [GET]

ActionController::RoutingError (No route matches "/stylesheets/compiled/print.css" with {:method=>:get}):
  

Rendering rescues/layout (not_found)


Processing HomeController#index (for 127.0.0.1 at 2010-07-06 00:23:04) [GET]
Rendering template within layouts/default
Rendering home/index
Completed in 3ms (View: 2, DB: 0) | 200 OK [http://localhost/]


Processing ApplicationController#index (for 127.0.0.1 at 2010-07-06 00:23:04) [GET]

ActionController::RoutingError (No route matches "/stylesheets/compiled/print.css" with {:method=>:get}):
  

Rendering rescues/layout (not_found)


Processing HomeController#about (for 127.0.0.1 at 2010-07-06 00:23:13) [GET]
Rendering template within layouts/default
Rendering home/about
Completed in 4ms (View: 2, DB: 0) | 200 OK [http://localhost/home/about]


Processing ApplicationController#index (for 127.0.0.1 at 2010-07-06 00:23:13) [GET]

ActionController::RoutingError (No route matches "/stylesheets/compiled/print.css" with {:method=>:get}):
  

Rendering rescues/layout (not_found)


Processing HomeController#index (for 127.0.0.1 at 2010-07-06 00:23:29) [GET]
Rendering template within layouts/default
Rendering home/index
Completed in 3ms (View: 2, DB: 0) | 200 OK [http://localhost/]


Processing ApplicationController#index (for 127.0.0.1 at 2010-07-06 00:23:29) [GET]

ActionController::RoutingError (No route matches "/stylesheets/compiled/print.css" with {:method=>:get}):
  

Rendering rescues/layout (not_found)


Processing HomeController#rsvp (for 127.0.0.1 at 2010-07-06 00:23:31) [GET]
Rendering template within layouts/default
Rendering home/rsvp
Completed in 5ms (View: 3, DB: 0) | 200 OK [http://localhost/home/rsvp]


Processing ApplicationController#index (for 127.0.0.1 at 2010-07-06 00:23:31) [GET]

ActionController::RoutingError (No route matches "/stylesheets/compiled/print.css" with {:method=>:get}):
  

Rendering rescues/layout (not_found)


Processing HomeController#registry (for 127.0.0.1 at 2010-07-06 00:23:32) [GET]
Rendering template within layouts/default
Rendering home/registry
Completed in 3ms (View: 2, DB: 0) | 200 OK [http://localhost/home/registry]


Processing ApplicationController#index (for 127.0.0.1 at 2010-07-06 00:23:32) [GET]

ActionController::RoutingError (No route matches "/stylesheets/compiled/print.css" with {:method=>:get}):
  

Rendering rescues/layout (not_found)


Processing HomeController#about (for 127.0.0.1 at 2010-07-06 00:23:41) [GET]
Rendering template within layouts/default
Rendering home/about
Completed in 4ms (View: 2, DB: 0) | 200 OK [http://localhost/home/about]


Processing ApplicationController#index (for 127.0.0.1 at 2010-07-06 00:23:41) [GET]

ActionController::RoutingError (No route matches "/stylesheets/compiled/print.css" with {:method=>:get}):
  

Rendering rescues/layout (not_found)


Processing HomeController#index (for 127.0.0.1 at 2010-07-06 00:24:16) [GET]
Rendering template within layouts/default
Rendering home/index
Completed in 3ms (View: 2, DB: 0) | 200 OK [http://localhost/]


Processing ApplicationController#index (for 127.0.0.1 at 2010-07-06 00:24:16) [GET]

ActionController::RoutingError (No route matches "/stylesheets/compiled/print.css" with {:method=>:get}):
  

Rendering rescues/layout (not_found)


Processing ApplicationController#index (for 127.0.0.1 at 2010-07-06 00:24:18) [GET]

ActionController::RoutingError (No route matches "/images/sky/common/favicon.ico" with {:method=>:get}):
  

Rendering rescues/layout (not_found)


Processing HomeController#index (for 127.0.0.1 at 2010-07-06 00:24:47) [GET]
Rendering template within layouts/default
Rendering home/index
Completed in 5ms (View: 2, DB: 0) | 200 OK [http://localhost/]


Processing ApplicationController#index (for 127.0.0.1 at 2010-07-06 00:24:47) [GET]

ActionController::RoutingError (No route matches "/stylesheets/compiled/print.css" with {:method=>:get}):
  

Rendering rescues/layout (not_found)


Processing ApplicationController#index (for 127.0.0.1 at 2010-07-06 00:24:50) [GET]

ActionController::RoutingError (No route matches "/images/sky/common/favicon.ico" with {:method=>:get}):
  

Rendering rescues/layout (not_found)


Processing HomeController#index (for 127.0.0.1 at 2010-07-06 00:25:21) [GET]
Rendering template within layouts/default
Rendering home/index
Completed in 29ms (View: 27, DB: 0) | 200 OK [http://localhost/]


Processing ApplicationController#index (for 127.0.0.1 at 2010-07-06 00:25:21) [GET]

ActionController::RoutingError (No route matches "/stylesheets/compiled/print.css" with {:method=>:get}):
  

Rendering rescues/layout (not_found)


Processing ApplicationController#index (for 127.0.0.1 at 2010-07-06 00:25:22) [GET]

ActionController::RoutingError (No route matches "/images/sky/common/favicon.ico" with {:method=>:get}):
  

Rendering rescues/layout (not_found)


Processing HomeController#rsvp (for 127.0.0.1 at 2010-07-06 00:25:28) [GET]
Rendering template within layouts/default
Rendering home/rsvp
Completed in 3ms (View: 2, DB: 0) | 200 OK [http://localhost/home/rsvp]


Processing ApplicationController#index (for 127.0.0.1 at 2010-07-06 00:25:28) [GET]

ActionController::RoutingError (No route matches "/stylesheets/compiled/print.css" with {:method=>:get}):
  

Rendering rescues/layout (not_found)


Processing HomeController#index (for 127.0.0.1 at 2010-07-06 00:25:29) [GET]
Rendering template within layouts/default
Rendering home/index
Completed in 4ms (View: 2, DB: 0) | 200 OK [http://localhost/]


Processing ApplicationController#index (for 127.0.0.1 at 2010-07-06 00:25:29) [GET]

ActionController::RoutingError (No route matches "/stylesheets/compiled/print.css" with {:method=>:get}):
  

Rendering rescues/layout (not_found)


Processing HomeController#registry (for 127.0.0.1 at 2010-07-06 00:25:31) [GET]
Rendering template within layouts/default
Rendering home/registry
Completed in 4ms (View: 2, DB: 0) | 200 OK [http://localhost/home/registry]


Processing ApplicationController#index (for 127.0.0.1 at 2010-07-06 00:25:31) [GET]

ActionController::RoutingError (No route matches "/stylesheets/compiled/print.css" with {:method=>:get}):
  

Rendering rescues/layout (not_found)


Processing HomeController#about (for 127.0.0.1 at 2010-07-06 00:25:32) [GET]
Rendering template within layouts/default
Rendering home/about
Completed in 15ms (View: 13, DB: 0) | 200 OK [http://localhost/home/about]


Processing ApplicationController#index (for 127.0.0.1 at 2010-07-06 00:25:32) [GET]

ActionController::RoutingError (No route matches "/stylesheets/compiled/print.css" with {:method=>:get}):
  

Rendering rescues/layout (not_found)


Processing HomeController#index (for 127.0.0.1 at 2010-07-06 00:25:35) [GET]
Rendering template within layouts/default
Rendering home/index
Completed in 3ms (View: 2, DB: 0) | 200 OK [http://localhost/]


Processing ApplicationController#index (for 127.0.0.1 at 2010-07-06 00:25:35) [GET]

ActionController::RoutingError (No route matches "/stylesheets/compiled/print.css" with {:method=>:get}):
  

Rendering rescues/layout (not_found)
